2019-11-09 22:26:20: == Sync Started by User Command
2019-11-09 22:26:23: Copy Over 'C:/Users/Adrian/Desktop/HTML + CSS/Portfolio_AdrianKula/dist/about.html' -> 'ftp://ftp.cluster021.hosting.ovh.net:21/www/dist/about.html' (4,048)
2019-11-09 22:26:24: Copy Over 'C:/Users/Adrian/Desktop/HTML + CSS/Portfolio_AdrianKula/dist/contact.html' -> 'ftp://ftp.cluster021.hosting.ovh.net:21/www/dist/contact.html' (2,408)
2019-11-09 22:26:25: Copy Over 'C:/Users/Adrian/Desktop/HTML + CSS/Portfolio_AdrianKula/dist/css/main.css' -> 'ftp://ftp.cluster021.hosting.ovh.net:21/www/dist/css/main.css' (8,197)
2019-11-09 22:26:27: Copy Over 'C:/Users/Adrian/Desktop/HTML + CSS/Portfolio_AdrianKula/dist/img/background.jpg' -> 'ftp://ftp.cluster021.hosting.ovh.net:21/www/dist/img/background.jpg' (204,479)
2019-11-09 22:26:30: Copy Over 'C:/Users/Adrian/Desktop/HTML + CSS/Portfolio_AdrianKula/dist/img/Cool Sky.jpg' -> 'ftp://ftp.cluster021.hosting.ovh.net:21/www/dist/img/Cool Sky.jpg' (309,678)
2019-11-09 22:26:31: Copy Over 'C:/Users/Adrian/Desktop/HTML + CSS/Portfolio_AdrianKula/dist/img/face.jpg' -> 'ftp://ftp.cluster021.hosting.ovh.net:21/www/dist/img/face.jpg' (34,203)
2019-11-09 22:26:32: Copy Over 'C:/Users/Adrian/Desktop/HTML + CSS/Portfolio_AdrianKula/dist/img/face_small.jpg' -> 'ftp://ftp.cluster021.hosting.ovh.net:21/www/dist/img/face_small.jpg' (25,214)
2019-11-09 22:26:32: Copy Over 'C:/Users/Adrian/Desktop/HTML + CSS/Portfolio_AdrianKula/dist/img/favicon-16x16.png' -> 'ftp://ftp.cluster021.hosting.ovh.net:21/www/dist/img/favicon-16x16.png' (652)
2019-11-09 22:26:33: Copy Over 'C:/Users/Adrian/Desktop/HTML + CSS/Portfolio_AdrianKula/dist/img/favicon-32x32.png' -> 'ftp://ftp.cluster021.hosting.ovh.net:21/www/dist/img/favicon-32x32.png' (1,727)
2019-11-09 22:26:35: Copy Over 'C:/Users/Adrian/Desktop/HTML + CSS/Portfolio_AdrianKula/dist/img/laptop.jpg' -> 'ftp://ftp.cluster021.hosting.ovh.net:21/www/dist/img/laptop.jpg' (67,486)
2019-11-09 22:26:36: Copy Over 'C:/Users/Adrian/Desktop/HTML + CSS/Portfolio_AdrianKula/dist/img/portrait.jpg' -> 'ftp://ftp.cluster021.hosting.ovh.net:21/www/dist/img/portrait.jpg' (53,358)
2019-11-09 22:26:37: Copy Over 'C:/Users/Adrian/Desktop/HTML + CSS/Portfolio_AdrianKula/dist/img/portrait_small.jpg' -> 'ftp://ftp.cluster021.hosting.ovh.net:21/www/dist/img/portrait_small.jpg' (38,423)
2019-11-09 22:26:38: Copy Over 'C:/Users/Adrian/Desktop/HTML + CSS/Portfolio_AdrianKula/dist/img/projects/Logo.png' -> 'ftp://ftp.cluster021.hosting.ovh.net:21/www/dist/img/projects/Logo.png' (436)
2019-11-09 22:26:41: Copy Over 'C:/Users/Adrian/Desktop/HTML + CSS/Portfolio_AdrianKula/dist/img/projects/portfolio_bino.png' -> 'ftp://ftp.cluster021.hosting.ovh.net:21/www/dist/img/projects/portfolio_bino.png' (745,389)
2019-11-09 22:26:44: Copy Over 'C:/Users/Adrian/Desktop/HTML + CSS/Portfolio_AdrianKula/dist/img/projects/portfolio_lander.png' -> 'ftp://ftp.cluster021.hosting.ovh.net:21/www/dist/img/projects/portfolio_lander.png' (829,648)
2019-11-09 22:26:47: Copy Over 'C:/Users/Adrian/Desktop/HTML + CSS/Portfolio_AdrianKula/dist/img/projects/portfolio_project.png' -> 'ftp://ftp.cluster021.hosting.ovh.net:21/www/dist/img/projects/portfolio_project.png' (606,195)
2019-11-09 22:26:51: Copy Over 'C:/Users/Adrian/Desktop/HTML + CSS/Portfolio_AdrianKula/dist/img/projects/portfolio_train.png' -> 'ftp://ftp.cluster021.hosting.ovh.net:21/www/dist/img/projects/portfolio_train.png' (1,174,404)
2019-11-09 22:26:53: Copy Over 'C:/Users/Adrian/Desktop/HTML + CSS/Portfolio_AdrianKula/dist/img/projects/project1.jpg' -> 'ftp://ftp.cluster021.hosting.ovh.net:21/www/dist/img/projects/project1.jpg' (145,548)
2019-11-09 22:26:54: Copy Over 'C:/Users/Adrian/Desktop/HTML + CSS/Portfolio_AdrianKula/dist/img/projects/project2.jpg' -> 'ftp://ftp.cluster021.hosting.ovh.net:21/www/dist/img/projects/project2.jpg' (149,820)
2019-11-09 22:26:56: Copy Over 'C:/Users/Adrian/Desktop/HTML + CSS/Portfolio_AdrianKula/dist/img/projects/project3.jpg' -> 'ftp://ftp.cluster021.hosting.ovh.net:21/www/dist/img/projects/project3.jpg' (161,624)
2019-11-09 22:26:57: Copy Over 'C:/Users/Adrian/Desktop/HTML + CSS/Portfolio_AdrianKula/dist/img/projects/project4.jpg' -> 'ftp://ftp.cluster021.hosting.ovh.net:21/www/dist/img/projects/project4.jpg' (136,123)
2019-11-09 22:26:59: Copy Over 'C:/Users/Adrian/Desktop/HTML + CSS/Portfolio_AdrianKula/dist/img/projects/project5.jpg' -> 'ftp://ftp.cluster021.hosting.ovh.net:21/www/dist/img/projects/project5.jpg' (99,908)
2019-11-09 22:27:00: Copy Over 'C:/Users/Adrian/Desktop/HTML + CSS/Portfolio_AdrianKula/dist/img/site.webmanifest' -> 'ftp://ftp.cluster021.hosting.ovh.net:21/www/dist/img/site.webmanifest' (263)
2019-11-09 22:27:01: Copy Over 'C:/Users/Adrian/Desktop/HTML + CSS/Portfolio_AdrianKula/dist/index.html' -> 'ftp://ftp.cluster021.hosting.ovh.net:21/www/dist/index.html' (2,590)
2019-11-09 22:27:02: Copy Over 'C:/Users/Adrian/Desktop/HTML + CSS/Portfolio_AdrianKula/dist/js/main.js' -> 'ftp://ftp.cluster021.hosting.ovh.net:21/www/dist/js/main.js' (1,607)
2019-11-09 22:27:03: Copy Over 'C:/Users/Adrian/Desktop/HTML + CSS/Portfolio_AdrianKula/dist/work.html' -> 'ftp://ftp.cluster021.hosting.ovh.net:21/www/dist/work.html' (5,747)
2019-11-09 22:27:04: == Sync Complete. Time: 00:00:45, Speed: 109 KB/s, OK: 30, Errors: 0
2019-11-09 22:27:04: 
